2020-07-24 05:57:06,976 | {
  "model_config": {
    "n_classes": 11,
    "detector_model_name": "wrn-28-10",
    "use_old_detector": 1,
    "detector_model_path": "selection_model/selection_model.pth"
  },
  "optim_config": {
    "epochs": 600,
    "batch_size": 128,
    "base_lr": 0.2,
    "weight_decay": 0.0001,
    "momentum": 0.9,
    "nesterov": true,
    "lr_min": 0,
    "cifar10_fraction": 0.5
  },
  "data_config": {
    "dataset": "CIFAR10VsTinyImages",
    "dataset_dir": "data"
  },
  "run_config": {
    "seed": 17,
    "outdir": "cifar10-vs-ti/",
    "num_workers": 7,
    "device": "cuda",
    "save_freq": 20
  }
}
2020-07-24 05:57:15,475 | Test set
2020-07-24 05:57:15,475 | Base_dataset: tinyimages
2020-07-24 05:57:15,476 | Number of samples: 50000
2020-07-24 05:57:15,477 | Label histogram: ((0, 50000),)
2020-07-24 05:57:15,478 | Class of data: uint8
2020-07-24 05:57:15,478 | Value of data: [98 68 41]
2020-07-24 05:57:15,479 | Shape of data: (50000, 32, 32, 3)
2020-07-24 05:57:15,479 | Instantiated data loaders
2020-07-24 05:57:18,829 | n_params: 38120507
2020-07-24 05:57:18,830 | using old detector model for evaluation
2020-07-24 05:57:19,501 | Loaded detector model with epoch 520, accuracy 0.9379
2020-07-24 05:57:19,509 | using resnet-20 model for evaluation from path rst_augmented/unsup_fraction_test/fraction_0.5/resnet-20/checkpoint-epoch50.pt
2020-07-24 05:57:19,509 | using model resnet
2020-07-24 05:57:19,526 | Test 0
2020-07-24 05:57:59,966 | Epoch 0 Loss 8.8564 Accuracy inside C10 0.0694, C10-vs-TI 0.0329
2020-07-24 05:57:59,966 | Cifar10 correct 3472 Cifar10 sum 50000 c10-vs-ti correct 1644, C10-vs-TI-sum 50000
2020-07-24 05:57:59,966 | Cifar10 correct 3472, cifar 10 count 50000, predicted c10 correct 368, predicted c10 count 1644, predicted ti pseudo correct 3104 predicted ti count 48356
2020-07-24 05:57:59,966 | base cifar10 correct 6052, base predicted c10 correct 373, base predicted TI correct 5679
2020-07-24 05:57:59,967 | CIFAR count: 1644, Non-CIFAR count: 48356
2020-07-24 05:58:02,959 | Elapsed 40.44
2020-07-24 07:27:56,341 | {
  "model_config": {
    "n_classes": 11,
    "detector_model_name": "wrn-28-10",
    "use_old_detector": 1,
    "detector_model_path": "selection_model/selection_model.pth"
  },
  "optim_config": {
    "epochs": 600,
    "batch_size": 128,
    "base_lr": 0.2,
    "weight_decay": 0.0001,
    "momentum": 0.9,
    "nesterov": true,
    "lr_min": 0,
    "cifar10_fraction": 0.5
  },
  "data_config": {
    "dataset": "CIFAR10VsTinyImages",
    "dataset_dir": "data"
  },
  "run_config": {
    "seed": 17,
    "outdir": "cifar10-vs-ti/",
    "num_workers": 7,
    "device": "cuda",
    "save_freq": 20
  }
}
2020-07-24 07:28:03,561 | Test set
2020-07-24 07:28:03,562 | Base_dataset: tinyimages
2020-07-24 07:28:03,562 | Number of samples: 50000
2020-07-24 07:28:03,563 | Label histogram: ((0, 50000),)
2020-07-24 07:28:03,564 | Class of data: uint8
2020-07-24 07:28:03,564 | Value of data: [98 68 41]
2020-07-24 07:28:03,565 | Shape of data: (50000, 32, 32, 3)
2020-07-24 07:28:03,565 | Instantiated data loaders
2020-07-24 07:28:06,956 | n_params: 38120507
2020-07-24 07:28:06,957 | using old detector model for evaluation
2020-07-24 07:28:07,635 | Loaded detector model with epoch 520, accuracy 0.9379
2020-07-24 07:28:07,644 | using resnet-20 model for evaluation from path rst_augmented/unsup_fraction_test/fraction_0.5/resnet-20/checkpoint-epoch50.pt
2020-07-24 07:28:07,644 | using model resnet
2020-07-24 07:28:07,660 | Test 0
2020-07-24 07:28:48,687 | Epoch 0 Loss 8.8564 Accuracy inside C10 0.0694, C10-vs-TI 0.0329
2020-07-24 07:28:48,687 | Cifar10 correct 3472 Cifar10 sum 50000 c10-vs-ti correct 1644, C10-vs-TI-sum 50000
2020-07-24 07:28:48,688 | Cifar10 correct 3472, cifar 10 count 50000, predicted c10 correct 368, predicted c10 count 1644, predicted ti pseudo correct 3104 predicted ti count 48356
2020-07-24 07:28:48,688 | base cifar10 correct 6052, base predicted c10 correct 373, base predicted TI correct 5679
2020-07-24 07:28:48,688 | CIFAR count: 1644, Non-CIFAR count: 48356
2020-07-24 07:28:51,781 | Elapsed 41.03
